<?xml version="1.0" encoding="UTF-8"?>
<testng-results ignored="0" total="2" passed="2" failed="0" skipped="0">
  <reporter-output>
  </reporter-output>
  <suite started-at="2024-09-02T19:57:37 AST" name="Default suite" finished-at="2024-09-02T19:57:39 AST" duration-ms="1907">
    <groups>
    </groups>
    <test started-at="2024-09-02T19:57:37 AST" name="Default test" finished-at="2024-09-02T19:57:39 AST" duration-ms="1907">
      <class name="mytestcases.MyThirdClass">
        <test-method is-config="true" signature="mySetup()[pri:0, instance:mytestcases.MyThirdClass@4215838f]" started-at="2024-09-02T19:57:37 AST" name="mySetup" finished-at="2024-09-02T19:57:38 AST" duration-ms="1271" status="PASS">
          <reporter-output>
          </reporter-output>
        </test-method> <!-- mySetup -->
        <test-method signature="loginTest()[pri:1, instance:mytestcases.MyThirdClass@4215838f]" started-at="2024-09-02T19:57:38 AST" name="loginTest" finished-at="2024-09-02T19:57:39 AST" duration-ms="374" status="PASS">
          <reporter-output>
          </reporter-output>
        </test-method> <!-- loginTest -->
        <test-method signature="addtontCartAllItems()[pri:2, instance:mytestcases.MyThirdClass@4215838f]" started-at="2024-09-02T19:57:39 AST" name="addtontCartAllItems" finished-at="2024-09-02T19:57:39 AST" duration-ms="207" status="PASS">
          <reporter-output>
          </reporter-output>
        </test-method> <!-- addtontCartAllItems -->
      </class> <!-- mytestcases.MyThirdClass -->
    </test> <!-- Default test -->
  </suite> <!-- Default suite -->
</testng-results>
